Traceback (most recent call last):
  File "C:\Users\sandr\anaconda3\envs\renv\lib\site-packages\jupyter_cache\executors\utils.py", line 56, in single_nb_execution
    record_timing=False,
  File "C:\Users\sandr\anaconda3\envs\renv\lib\site-packages\nbclient\client.py", line 1204, in execute
    return NotebookClient(nb=nb, resources=resources, km=km, **kwargs).execute()
  File "C:\Users\sandr\anaconda3\envs\renv\lib\site-packages\nbclient\util.py", line 84, in wrapped
    return just_run(coro(*args, **kwargs))
  File "C:\Users\sandr\anaconda3\envs\renv\lib\site-packages\nbclient\util.py", line 62, in just_run
    return loop.run_until_complete(coro)
  File "C:\Users\sandr\anaconda3\envs\renv\lib\asyncio\base_events.py", line 587, in run_until_complete
    return future.result()
  File "C:\Users\sandr\anaconda3\envs\renv\lib\site-packages\nbclient\client.py", line 664, in async_execute
    cell, index, execution_count=self.code_cells_executed + 1
  File "C:\Users\sandr\anaconda3\envs\renv\lib\site-packages\nbclient\client.py", line 965, in async_execute_cell
    await self._check_raise_for_error(cell, cell_index, exec_reply)
  File "C:\Users\sandr\anaconda3\envs\renv\lib\site-packages\nbclient\client.py", line 862, in _check_raise_for_error
    raise CellExecutionError.from_cell_and_msg(cell, exec_reply_content)
nbclient.exceptions.CellExecutionError: An error occurred while executing the following cell:
------------------
%matplotlib widget
%matplotlib inline
import ipywidgets as widgets
import matplotlib.pyplot as plt
import numpy as np
import sympy as sy
from sympy import *
import pandas as pd
#from causalgraphicalmodels import CausalGraphicalModel
from IPython.display import Image
import warnings
warnings.filterwarnings('ignore')
------------------

[1;31m---------------------------------------------------------------------------[0m
[1;31mModuleNotFoundError[0m                       Traceback (most recent call last)
[1;32m~\AppData\Local\Temp/ipykernel_4788/1386330301.py[0m in [0;36m<module>[1;34m[0m
[1;32m----> 1[1;33m [0mget_ipython[0m[1;33m([0m[1;33m)[0m[1;33m.[0m[0mrun_line_magic[0m[1;33m([0m[1;34m'matplotlib'[0m[1;33m,[0m [1;34m'widget'[0m[1;33m)[0m[1;33m[0m[1;33m[0m[0m
[0m[0;32m      2[0m [0mget_ipython[0m[1;33m([0m[1;33m)[0m[1;33m.[0m[0mrun_line_magic[0m[1;33m([0m[1;34m'matplotlib'[0m[1;33m,[0m [1;34m'inline'[0m[1;33m)[0m[1;33m[0m[1;33m[0m[0m
[0;32m      3[0m [1;32mimport[0m [0mipywidgets[0m [1;32mas[0m [0mwidgets[0m[1;33m[0m[1;33m[0m[0m
[0;32m      4[0m [1;32mimport[0m [0mmatplotlib[0m[1;33m.[0m[0mpyplot[0m [1;32mas[0m [0mplt[0m[1;33m[0m[1;33m[0m[0m
[0;32m      5[0m [1;32mimport[0m [0mnumpy[0m [1;32mas[0m [0mnp[0m[1;33m[0m[1;33m[0m[0m

[1;32m~\anaconda3\envs\renv\lib\site-packages\IPython\core\interactiveshell.py[0m in [0;36mrun_line_magic[1;34m(self, magic_name, line, _stack_depth)[0m
[0;32m   2362[0m                 [0mkwargs[0m[1;33m[[0m[1;34m'local_ns'[0m[1;33m][0m [1;33m=[0m [0mself[0m[1;33m.[0m[0mget_local_scope[0m[1;33m([0m[0mstack_depth[0m[1;33m)[0m[1;33m[0m[1;33m[0m[0m
[0;32m   2363[0m             [1;32mwith[0m [0mself[0m[1;33m.[0m[0mbuiltin_trap[0m[1;33m:[0m[1;33m[0m[1;33m[0m[0m
[1;32m-> 2364[1;33m                 [0mresult[0m [1;33m=[0m [0mfn[0m[1;33m([0m[1;33m*[0m[0margs[0m[1;33m,[0m [1;33m**[0m[0mkwargs[0m[1;33m)[0m[1;33m[0m[1;33m[0m[0m
[0m[0;32m   2365[0m             [1;32mreturn[0m [0mresult[0m[1;33m[0m[1;33m[0m[0m
[0;32m   2366[0m [1;33m[0m[0m

[1;32m~\anaconda3\envs\renv\lib\site-packages\decorator.py[0m in [0;36mfun[1;34m(*args, **kw)[0m
[0;32m    230[0m             [1;32mif[0m [1;32mnot[0m [0mkwsyntax[0m[1;33m:[0m[1;33m[0m[1;33m[0m[0m
[0;32m    231[0m                 [0margs[0m[1;33m,[0m [0mkw[0m [1;33m=[0m [0mfix[0m[1;33m([0m[0margs[0m[1;33m,[0m [0mkw[0m[1;33m,[0m [0msig[0m[1;33m)[0m[1;33m[0m[1;33m[0m[0m
[1;32m--> 232[1;33m             [1;32mreturn[0m [0mcaller[0m[1;33m([0m[0mfunc[0m[1;33m,[0m [1;33m*[0m[1;33m([0m[0mextras[0m [1;33m+[0m [0margs[0m[1;33m)[0m[1;33m,[0m [1;33m**[0m[0mkw[0m[1;33m)[0m[1;33m[0m[1;33m[0m[0m
[0m[0;32m    233[0m     [0mfun[0m[1;33m.[0m[0m__name__[0m [1;33m=[0m [0mfunc[0m[1;33m.[0m[0m__name__[0m[1;33m[0m[1;33m[0m[0m
[0;32m    234[0m     [0mfun[0m[1;33m.[0m[0m__doc__[0m [1;33m=[0m [0mfunc[0m[1;33m.[0m[0m__doc__[0m[1;33m[0m[1;33m[0m[0m

[1;32m~\anaconda3\envs\renv\lib\site-packages\IPython\core\magic.py[0m in [0;36m<lambda>[1;34m(f, *a, **k)[0m
[0;32m    185[0m     [1;31m# but it's overkill for just that one bit of state.[0m[1;33m[0m[1;33m[0m[1;33m[0m[0m
[0;32m    186[0m     [1;32mdef[0m [0mmagic_deco[0m[1;33m([0m[0marg[0m[1;33m)[0m[1;33m:[0m[1;33m[0m[1;33m[0m[0m
[1;32m--> 187[1;33m         [0mcall[0m [1;33m=[0m [1;32mlambda[0m [0mf[0m[1;33m,[0m [1;33m*[0m[0ma[0m[1;33m,[0m [1;33m**[0m[0mk[0m[1;33m:[0m [0mf[0m[1;33m([0m[1;33m*[0m[0ma[0m[1;33m,[0m [1;33m**[0m[0mk[0m[1;33m)[0m[1;33m[0m[1;33m[0m[0m
[0m[0;32m    188[0m [1;33m[0m[0m
[0;32m    189[0m         [1;32mif[0m [0mcallable[0m[1;33m([0m[0marg[0m[1;33m)[0m[1;33m:[0m[1;33m[0m[1;33m[0m[0m

[1;32m~\anaconda3\envs\renv\lib\site-packages\IPython\core\magics\pylab.py[0m in [0;36mmatplotlib[1;34m(self, line)[0m
[0;32m     97[0m             [0mprint[0m[1;33m([0m[1;34m"Available matplotlib backends: %s"[0m [1;33m%[0m [0mbackends_list[0m[1;33m)[0m[1;33m[0m[1;33m[0m[0m
[0;32m     98[0m         [1;32melse[0m[1;33m:[0m[1;33m[0m[1;33m[0m[0m
[1;32m---> 99[1;33m             [0mgui[0m[1;33m,[0m [0mbackend[0m [1;33m=[0m [0mself[0m[1;33m.[0m[0mshell[0m[1;33m.[0m[0menable_matplotlib[0m[1;33m([0m[0margs[0m[1;33m.[0m[0mgui[0m[1;33m.[0m[0mlower[0m[1;33m([0m[1;33m)[0m [1;32mif[0m [0misinstance[0m[1;33m([0m[0margs[0m[1;33m.[0m[0mgui[0m[1;33m,[0m [0mstr[0m[1;33m)[0m [1;32melse[0m [0margs[0m[1;33m.[0m[0mgui[0m[1;33m)[0m[1;33m[0m[1;33m[0m[0m
[0m[0;32m    100[0m             [0mself[0m[1;33m.[0m[0m_show_matplotlib_backend[0m[1;33m([0m[0margs[0m[1;33m.[0m[0mgui[0m[1;33m,[0m [0mbackend[0m[1;33m)[0m[1;33m[0m[1;33m[0m[0m
[0;32m    101[0m [1;33m[0m[0m

[1;32m~\anaconda3\envs\renv\lib\site-packages\IPython\core\interactiveshell.py[0m in [0;36menable_matplotlib[1;34m(self, gui)[0m
[0;32m   3544[0m                 [0mgui[0m[1;33m,[0m [0mbackend[0m [1;33m=[0m [0mpt[0m[1;33m.[0m[0mfind_gui_and_backend[0m[1;33m([0m[0mself[0m[1;33m.[0m[0mpylab_gui_select[0m[1;33m)[0m[1;33m[0m[1;33m[0m[0m
[0;32m   3545[0m [1;33m[0m[0m
[1;32m-> 3546[1;33m         [0mpt[0m[1;33m.[0m[0mactivate_matplotlib[0m[1;33m([0m[0mbackend[0m[1;33m)[0m[1;33m[0m[1;33m[0m[0m
[0m[0;32m   3547[0m         [0mconfigure_inline_support[0m[1;33m([0m[0mself[0m[1;33m,[0m [0mbackend[0m[1;33m)[0m[1;33m[0m[1;33m[0m[0m
[0;32m   3548[0m [1;33m[0m[0m

[1;32m~\anaconda3\envs\renv\lib\site-packages\IPython\core\pylabtools.py[0m in [0;36mactivate_matplotlib[1;34m(backend)[0m
[0;32m    357[0m     [1;32mfrom[0m [0mmatplotlib[0m [1;32mimport[0m [0mpyplot[0m [1;32mas[0m [0mplt[0m[1;33m[0m[1;33m[0m[0m
[0;32m    358[0m [1;33m[0m[0m
[1;32m--> 359[1;33m     [0mplt[0m[1;33m.[0m[0mswitch_backend[0m[1;33m([0m[0mbackend[0m[1;33m)[0m[1;33m[0m[1;33m[0m[0m
[0m[0;32m    360[0m [1;33m[0m[0m
[0;32m    361[0m     [0mplt[0m[1;33m.[0m[0mshow[0m[1;33m.[0m[0m_needmain[0m [1;33m=[0m [1;32mFalse[0m[1;33m[0m[1;33m[0m[0m

[1;32m~\anaconda3\envs\renv\lib\site-packages\matplotlib\pyplot.py[0m in [0;36mswitch_backend[1;34m(newbackend)[0m
[0;32m    265[0m     [0mbackend_name[0m [1;33m=[0m [0mcbook[0m[1;33m.[0m[0m_backend_module_name[0m[1;33m([0m[0mnewbackend[0m[1;33m)[0m[1;33m[0m[1;33m[0m[0m
[0;32m    266[0m [1;33m[0m[0m
[1;32m--> 267[1;33m     [1;32mclass[0m [0mbackend_mod[0m[1;33m([0m[0mmatplotlib[0m[1;33m.[0m[0mbackend_bases[0m[1;33m.[0m[0m_Backend[0m[1;33m)[0m[1;33m:[0m[1;33m[0m[1;33m[0m[0m
[0m[0;32m    268[0m         [0mlocals[0m[1;33m([0m[1;33m)[0m[1;33m.[0m[0mupdate[0m[1;33m([0m[0mvars[0m[1;33m([0m[0mimportlib[0m[1;33m.[0m[0mimport_module[0m[1;33m([0m[0mbackend_name[0m[1;33m)[0m[1;33m)[0m[1;33m)[0m[1;33m[0m[1;33m[0m[0m
[0;32m    269[0m [1;33m[0m[0m

[1;32m~\anaconda3\envs\renv\lib\site-packages\matplotlib\pyplot.py[0m in [0;36mbackend_mod[1;34m()[0m
[0;32m    266[0m [1;33m[0m[0m
[0;32m    267[0m     [1;32mclass[0m [0mbackend_mod[0m[1;33m([0m[0mmatplotlib[0m[1;33m.[0m[0mbackend_bases[0m[1;33m.[0m[0m_Backend[0m[1;33m)[0m[1;33m:[0m[1;33m[0m[1;33m[0m[0m
[1;32m--> 268[1;33m         [0mlocals[0m[1;33m([0m[1;33m)[0m[1;33m.[0m[0mupdate[0m[1;33m([0m[0mvars[0m[1;33m([0m[0mimportlib[0m[1;33m.[0m[0mimport_module[0m[1;33m([0m[0mbackend_name[0m[1;33m)[0m[1;33m)[0m[1;33m)[0m[1;33m[0m[1;33m[0m[0m
[0m[0;32m    269[0m [1;33m[0m[0m
[0;32m    270[0m     [0mrequired_framework[0m [1;33m=[0m [0m_get_required_interactive_framework[0m[1;33m([0m[0mbackend_mod[0m[1;33m)[0m[1;33m[0m[1;33m[0m[0m

[1;32m~\anaconda3\envs\renv\lib\importlib\__init__.py[0m in [0;36mimport_module[1;34m(name, package)[0m
[0;32m    125[0m                 [1;32mbreak[0m[1;33m[0m[1;33m[0m[0m
[0;32m    126[0m             [0mlevel[0m [1;33m+=[0m [1;36m1[0m[1;33m[0m[1;33m[0m[0m
[1;32m--> 127[1;33m     [1;32mreturn[0m [0m_bootstrap[0m[1;33m.[0m[0m_gcd_import[0m[1;33m([0m[0mname[0m[1;33m[[0m[0mlevel[0m[1;33m:[0m[1;33m][0m[1;33m,[0m [0mpackage[0m[1;33m,[0m [0mlevel[0m[1;33m)[0m[1;33m[0m[1;33m[0m[0m
[0m[0;32m    128[0m [1;33m[0m[0m
[0;32m    129[0m [1;33m[0m[0m

[1;32m~\anaconda3\envs\renv\lib\importlib\_bootstrap.py[0m in [0;36m_gcd_import[1;34m(name, package, level)[0m

[1;32m~\anaconda3\envs\renv\lib\importlib\_bootstrap.py[0m in [0;36m_find_and_load[1;34m(name, import_)[0m

[1;32m~\anaconda3\envs\renv\lib\importlib\_bootstrap.py[0m in [0;36m_find_and_load_unlocked[1;34m(name, import_)[0m

[1;32m~\anaconda3\envs\renv\lib\importlib\_bootstrap.py[0m in [0;36m_call_with_frames_removed[1;34m(f, *args, **kwds)[0m

[1;32m~\anaconda3\envs\renv\lib\importlib\_bootstrap.py[0m in [0;36m_gcd_import[1;34m(name, package, level)[0m

[1;32m~\anaconda3\envs\renv\lib\importlib\_bootstrap.py[0m in [0;36m_find_and_load[1;34m(name, import_)[0m

[1;32m~\anaconda3\envs\renv\lib\importlib\_bootstrap.py[0m in [0;36m_find_and_load_unlocked[1;34m(name, import_)[0m

[1;31mModuleNotFoundError[0m: No module named 'ipympl'
ModuleNotFoundError: No module named 'ipympl'

